<?xml version="1.0" encoding="UTF-8"?>
<!-- Generated by org.testng.reporters.JUnitReportReporter -->
<testsuite skipped="0" hostname="Bulents-MBP" name="com.hotels.com.tests.HomePageTest" tests="1" failures="0" timestamp="22 Mar 2020 20:47:09 GMT" time="17.562" errors="0">
  <testcase name="getReservationDetails" time="17.562" classname="com.hotels.com.tests.HomePageTest"/>
</testsuite> <!-- com.hotels.com.tests.HomePageTest -->
