<?xml version="1.0" encoding="UTF-8"?>
<!-- Generated by org.testng.reporters.JUnitReportReporter -->
<testsuite skipped="0" hostname="Sevims-MacBook-Pro.local" name="com.hotels.com.tests.SecondPageTest" tests="5" failures="0" timestamp="23 Mar 2020 06:26:35 GMT" time="121.069" errors="0">
  <testcase name="selectHotelCloserThanTenMile" time="32.037" classname="com.hotels.com.tests.SecondPageTest"/>
  <testcase name="verifySecondPageTitle" time="20.776" classname="com.hotels.com.tests.SecondPageTest"/>
  <testcase name="fiveStarCloserThanTenMile" time="23.152" classname="com.hotels.com.tests.SecondPageTest"/>
  <testcase name="fourStarCloserThanTenMiles" time="22.558" classname="com.hotels.com.tests.SecondPageTest"/>
  <testcase name="threeStarCloserThanTenMile" time="22.546" classname="com.hotels.com.tests.SecondPageTest"/>
</testsuite> <!-- com.hotels.com.tests.SecondPageTest -->
